{"level":"info","time":"2024-05-27T10:33:18+03:00","caller":"/Users/maximhalitov/go/pkg/mod/github.com/rivo/tview@v0.0.0-20240413115534-b0d41c484b95/button.go:173","message":"login user with username: user"}
{"level":"info","time":"2024-05-27T10:33:28+03:00","caller":"/Users/maximhalitov/go/pkg/mod/github.com/rivo/tview@v0.0.0-20240413115534-b0d41c484b95/button.go:173","message":"login user with username: admin"}
{"level":"info","time":"2024-05-27T10:33:51+03:00","caller":"/Users/maximhalitov/go/pkg/mod/github.com/rivo/tview@v0.0.0-20240413115534-b0d41c484b95/button.go:173","message":"login user with username: user"}
{"level":"warn","time":"2024-05-27T10:33:51+03:00","caller":"/Users/maximhalitov/go/pkg/mod/github.com/rivo/tview@v0.0.0-20240413115534-b0d41c484b95/button.go:173","message":"login user: invalid password"}
{"level":"warn","time":"2024-05-27T10:35:53+03:00","caller":"/Users/maximhalitov/go/pkg/mod/github.com/rivo/tview@v0.0.0-20240413115534-b0d41c484b95/button.go:173","message":"login user: invalid password"}
{"level":"info","time":"2024-05-27T10:39:56+03:00","caller":"/Users/maximhalitov/Desktop/IU7/ppo/backend/console/app/app.go:309","message":"getting all salads by filter: &{AvailableIngredients:[] MinRate:0 SaladTypes:[] Status:4}"}
{"level":"info","time":"2024-05-27T13:07:34+03:00","caller":"/Users/maximhalitov/go/pkg/mod/github.com/rivo/tview@v0.0.0-20240413115534-b0d41c484b95/button.go:173","message":"login user with username: user"}
{"level":"info","time":"2024-05-29T08:43:03+03:00","caller":"/Users/maximhalitov/go/pkg/mod/github.com/rivo/tview@v0.0.0-20240413115534-b0d41c484b95/button.go:173","message":"register user with username: user"}
{"level":"info","time":"2024-05-29T08:43:03+03:00","caller":"/Users/maximhalitov/go/pkg/mod/github.com/rivo/tview@v0.0.0-20240413115534-b0d41c484b95/button.go:173","message":"getting user by username: user"}
{"level":"info","time":"2024-05-29T09:54:50+03:00","caller":"/Users/maximhalitov/go/pkg/mod/github.com/rivo/tview@v0.0.0-20240413115534-b0d41c484b95/button.go:173","message":"register user with username: admin"}
{"level":"info","time":"2024-05-29T09:54:50+03:00","caller":"/Users/maximhalitov/go/pkg/mod/github.com/rivo/tview@v0.0.0-20240413115534-b0d41c484b95/button.go:173","message":"getting user by username: admin"}
{"level":"info","time":"2024-05-29T12:39:44+03:00","caller":"/Users/maximhalitov/go/pkg/mod/github.com/rivo/tview@v0.0.0-20240413115534-b0d41c484b95/button.go:173","message":"register user with username: user"}
{"level":"info","time":"2024-05-29T12:39:44+03:00","caller":"/Users/maximhalitov/go/pkg/mod/github.com/rivo/tview@v0.0.0-20240413115534-b0d41c484b95/button.go:173","message":"getting user by username: user"}
{"level":"info","time":"2024-05-29T12:39:50+03:00","caller":"/Users/maximhalitov/Desktop/IU7/ppo/backend/console/app/app.go:312","message":"getting all salads by filter: &{AvailableIngredients:[] MinRate:0 SaladTypes:[] Status:4}"}
{"level":"info","time":"2024-05-29T12:39:57+03:00","caller":"/Users/maximhalitov/go/pkg/mod/github.com/rivo/tview@v0.0.0-20240413115534-b0d41c484b95/button.go:200","message":"getting user by id: e11d356c-0ce8-4813-9e32-62288776b317"}
{"level":"info","time":"2024-05-29T12:39:57+03:00","caller":"/Users/maximhalitov/Desktop/IU7/ppo/backend/console/app/app.go:611","message":"Salad created: &{ID:00000000-0000-0000-0000-000000000000 AuthorID:e11d356c-0ce8-4813-9e32-62288776b317 Name:Salad Description:Description}"}
{"level":"info","time":"2024-05-29T12:39:57+03:00","caller":"/Users/maximhalitov/go/pkg/mod/github.com/rivo/tview@v0.0.0-20240413115534-b0d41c484b95/button.go:200","message":"create recipe ща salad: f1899f46-212a-46f1-8a4a-8d4995c53283"}
{"level":"error","time":"2024-05-29T12:39:57+03:00","caller":"/Users/maximhalitov/go/pkg/mod/github.com/rivo/tview@v0.0.0-20240413115534-b0d41c484b95/button.go:200","message":"creating recipe error: creating recipe: ERROR: insert or update on table \"recipe\" violates foreign key constraint \"recipe_status_fkey\" (SQLSTATE 23503)"}
{"level":"info","time":"2024-05-29T12:40:10+03:00","caller":"/Users/maximhalitov/go/pkg/mod/github.com/rivo/tview@v0.0.0-20240413115534-b0d41c484b95/button.go:200","message":"getting user by id: e11d356c-0ce8-4813-9e32-62288776b317"}
{"level":"info","time":"2024-05-29T12:40:10+03:00","caller":"/Users/maximhalitov/Desktop/IU7/ppo/backend/console/app/app.go:611","message":"Salad created: &{ID:f1899f46-212a-46f1-8a4a-8d4995c53283 AuthorID:e11d356c-0ce8-4813-9e32-62288776b317 Name:Salad Description:Description}"}
{"level":"info","time":"2024-05-29T12:40:10+03:00","caller":"/Users/maximhalitov/go/pkg/mod/github.com/rivo/tview@v0.0.0-20240413115534-b0d41c484b95/button.go:200","message":"create recipe ща salad: 44b85516-7001-4f6d-b64b-3ea39b062d25"}
{"level":"error","time":"2024-05-29T12:40:10+03:00","caller":"/Users/maximhalitov/go/pkg/mod/github.com/rivo/tview@v0.0.0-20240413115534-b0d41c484b95/button.go:200","message":"creating recipe error: creating recipe: ERROR: insert or update on table \"recipe\" violates foreign key constraint \"recipe_status_fkey\" (SQLSTATE 23503)"}
{"level":"info","time":"2024-05-29T12:40:26+03:00","caller":"/Users/maximhalitov/go/pkg/mod/github.com/rivo/tview@v0.0.0-20240413115534-b0d41c484b95/button.go:173","message":"login user with username: user"}
{"level":"info","time":"2024-05-29T18:17:05+03:00","caller":"/Users/maximhalitov/go/pkg/mod/github.com/rivo/tview@v0.0.0-20240413115534-b0d41c484b95/button.go:173","message":"login user with username: user"}
{"level":"info","time":"2024-05-29T19:12:39+03:00","caller":"/Users/maximhalitov/go/pkg/mod/github.com/rivo/tview@v0.0.0-20240413115534-b0d41c484b95/button.go:173","message":"login user with username: user"}
{"level":"info","time":"2024-05-29T19:12:42+03:00","caller":"/Users/maximhalitov/Desktop/IU7/ppo/backend/console/app/app.go:312","message":"getting all salads by filter: &{AvailableIngredients:[] MinRate:0 SaladTypes:[] Status:4}"}
{"level":"info","time":"2024-05-29T19:12:45+03:00","caller":"/Users/maximhalitov/go/pkg/mod/github.com/rivo/tview@v0.0.0-20240413115534-b0d41c484b95/list.go:613","message":"getting recipe by salad id: 65dbfbea-a0e5-4b2a-a45e-de7c46362a5e"}
{"level":"info","time":"2024-05-29T19:12:45+03:00","caller":"/Users/maximhalitov/Desktop/IU7/ppo/backend/console/app/app.go:473","message":"getting salad types by salad id 65dbfbea-a0e5-4b2a-a45e-de7c46362a5e"}
{"level":"error","time":"2024-05-29T19:12:45+03:00","caller":"/Users/maximhalitov/Desktop/IU7/ppo/backend/console/app/app.go:473","message":"getting salad types error: scanning salad types: can't scan into dest[2]: cannot scan NULL into *string"}
{"level":"info","time":"2024-05-29T19:12:45+03:00","caller":"/Users/maximhalitov/Desktop/IU7/ppo/backend/console/app/app.go:473","message":"getting all ingredients by recipe id: 05000000-0000-0000-0000-000000000000"}
{"level":"info","time":"2024-05-29T19:12:45+03:00","caller":"/Users/maximhalitov/Desktop/IU7/ppo/backend/console/app/app.go:431","message":"getting all recipe steps by recipeId: 05000000-0000-0000-0000-000000000000"}
{"level":"info","time":"2024-06-11T21:13:47+03:00","caller":"/Users/maximhalitov/go/pkg/mod/github.com/rivo/tview@v0.0.0-20240413115534-b0d41c484b95/button.go:173","message":"login user with username: user"}
{"level":"info","time":"2024-06-11T21:13:50+03:00","caller":"/Users/maximhalitov/Desktop/IU7/ppo/backend/console/app/app.go:312","message":"getting all salads by filter: &{AvailableIngredients:[] MinRate:0 SaladTypes:[] Status:4}"}
{"level":"info","time":"2024-06-11T21:13:54+03:00","caller":"/Users/maximhalitov/go/pkg/mod/github.com/rivo/tview@v0.0.0-20240413115534-b0d41c484b95/list.go:613","message":"getting recipe by salad id: fbabc2aa-cd4a-42b0-b68d-d3cf67fba06f"}
{"level":"info","time":"2024-06-11T21:13:54+03:00","caller":"/Users/maximhalitov/Desktop/IU7/ppo/backend/console/app/app.go:473","message":"getting salad types by salad id fbabc2aa-cd4a-42b0-b68d-d3cf67fba06f"}
{"level":"info","time":"2024-06-11T21:13:54+03:00","caller":"/Users/maximhalitov/Desktop/IU7/ppo/backend/console/app/app.go:473","message":"getting all ingredients by recipe id: 01000000-0000-0000-0000-000000000000"}
{"level":"info","time":"2024-06-11T21:13:54+03:00","caller":"/Users/maximhalitov/Desktop/IU7/ppo/backend/console/app/app.go:431","message":"getting all recipe steps by recipeId: 01000000-0000-0000-0000-000000000000"}
